{
  "RSpec": {
    "coverage": {
      "/home/aljoh/Projects/Craft Academy/ATM Challenge/spec/account_spec.rb": [
        1,
        null,
        1,
        7,
        7,
        1,
        1,
        null,
        1,
        2,
        null,
        1,
        1,
        null,
        1,
        1,
        null,
        1,
        1,
        null,
        1,
        1,
        null,
        1,
        1,
        1,
        null,
        null
      ],
      "/home/aljoh/Projects/Craft Academy/ATM Challenge/lib/account.rb": [
        null,
        1,
        1,
        1,
        1,
        1,
        1,
        13,
        13,
        13,
        13,
        13,
        null,
        null,
        1,
        1,
        null,
        null,
        1,
        null,
        1,
        13,
        null,
        null,
        1,
        13,
        null,
        null,
        1,
        1,
        null,
        null
      ],
      "/home/aljoh/Projects/Craft Academy/ATM Challenge/spec/atm_spec.rb": [
        1,
        null,
        1,
        10,
        null,
        1,
        9,
        9,
        null,
        null,
        1,
        1,
        null,
        1,
        1,
        1,
        null,
        1,
        1,
        1,
        null,
        1,
        1,
        1,
        null,
        1,
        1,
        1,
        1,
        null,
        1,
        1,
        1,
        null,
        1,
        1,
        1,
        1,
        null,
        1,
        1,
        1,
        1,
        null,
        1,
        1,
        1,
        null,
        null
      ],
      "/home/aljoh/Projects/Craft Academy/ATM Challenge/lib/atm.rb": [
        null,
        1,
        1,
        1,
        null,
        1,
        11,
        null,
        null,
        1,
        10,
        2,
        8,
        1,
        7,
        1,
        6,
        1,
        5,
        1,
        4,
        1,
        null,
        3,
        null,
        null,
        null,
        1,
        null,
        1,
        4,
        null,
        null,
        1,
        10,
        null,
        null,
        1,
        8,
        null,
        null,
        1,
        3,
        3,
        3,
        null,
        null,
        1,
        7,
        null,
        null,
        1,
        6,
        null,
        null,
        1,
        5,
        null,
        null,
        1,
        3,
        3,
        3,
        9,
        20,
        11,
        11,
        null,
        9,
        null,
        null,
        null,
        3,
        null,
        null
      ],
      "/home/aljoh/Projects/Craft Academy/ATM Challenge/spec/person_spec.rb": [
        1,
        1,
        1,
        1,
        12,
        null,
        1,
        1,
        null,
        1,
        2,
        null,
        1,
        1,
        null,
        1,
        1,
        1,
        null,
        1,
        1,
        null,
        1,
        3,
        1,
        1,
        null,
        1,
        1,
        null,
        null,
        1,
        1,
        2,
        null,
        null,
        1,
        3,
        5,
        1,
        1,
        1,
        1,
        1,
        null,
        1,
        2,
        1,
        null,
        1,
        2,
        2,
        null,
        1,
        1,
        1,
        1,
        1,
        1,
        1,
        null,
        null,
        null
      ],
      "/home/aljoh/Projects/Craft Academy/ATM Challenge/lib/person.rb": [
        1,
        1,
        1,
        1,
        1,
        1,
        12,
        11,
        null,
        null,
        1,
        6,
        null,
        null,
        1,
        4,
        1,
        null,
        3,
        null,
        null,
        null,
        1,
        2,
        0,
        null,
        2,
        null,
        null,
        null,
        1,
        1,
        null,
        null,
        1,
        null,
        1,
        3,
        1,
        null,
        2,
        null,
        2,
        2,
        2,
        null,
        null,
        1,
        2,
        2,
        null,
        null,
        1,
        12,
        1,
        null,
        11,
        null,
        null,
        null,
        1,
        1,
        null,
        null,
        1,
        1,
        null,
        null,
        1,
        1,
        null,
        null
      ]
    },
    "timestamp": 1509625609
  }
}
