{
  "RSpec": {
    "coverage": {
      "/home/aljoh/Projects/Craft Academy/ATM Challenge/spec/account_spec.rb": [
        1,
        null,
        1,
        7,
        7,
        1,
        1,
        null,
        1,
        2,
        null,
        1,
        1,
        null,
        1,
        1,
        null,
        1,
        1,
        null,
        1,
        1,
        null,
        1,
        1,
        1,
        null,
        null
      ],
      "/home/aljoh/Projects/Craft Academy/ATM Challenge/lib/account.rb": [
        null,
        1,
        1,
        1,
        1,
        1,
        1,
        16,
        16,
        16,
        16,
        16,
        null,
        null,
        1,
        1,
        null,
        null,
        1,
        null,
        1,
        16,
        null,
        null,
        1,
        16,
        null,
        null,
        1,
        1,
        null,
        null
      ],
      "/home/aljoh/Projects/Craft Academy/ATM Challenge/spec/atm_spec.rb": [
        1,
        null,
        1,
        10,
        null,
        1,
        9,
        9,
        null,
        null,
        1,
        1,
        null,
        1,
        1,
        1,
        null,
        1,
        1,
        1,
        null,
        1,
        1,
        1,
        null,
        1,
        1,
        1,
        1,
        null,
        1,
        1,
        1,
        null,
        1,
        1,
        1,
        1,
        null,
        1,
        1,
        1,
        1,
        null,
        1,
        1,
        1,
        null,
        null
      ],
      "/home/aljoh/Projects/Craft Academy/ATM Challenge/lib/atm.rb": [
        null,
        1,
        1,
        1,
        null,
        1,
        13,
        null,
        null,
        1,
        12,
        1,
        11,
        1,
        10,
        1,
        9,
        1,
        8,
        1,
        7,
        1,
        null,
        6,
        null,
        null,
        null,
        1,
        null,
        1,
        7,
        null,
        null,
        1,
        12,
        null,
        null,
        1,
        11,
        null,
        null,
        1,
        6,
        6,
        6,
        null,
        null,
        1,
        10,
        null,
        null,
        1,
        9,
        null,
        null,
        1,
        8,
        null,
        null,
        1,
        6,
        6,
        6,
        18,
        44,
        26,
        26,
        null,
        18,
        null,
        null,
        null,
        6,
        null,
        null
      ],
      "/home/aljoh/Projects/Craft Academy/ATM Challenge/spec/person_spec.rb": [
        1,
        1,
        1,
        1,
        15,
        null,
        1,
        1,
        null,
        1,
        2,
        null,
        1,
        1,
        null,
        1,
        1,
        1,
        null,
        1,
        1,
        null,
        1,
        3,
        1,
        1,
        null,
        1,
        1,
        null,
        null,
        1,
        1,
        2,
        null,
        null,
        1,
        5,
        1,
        7,
        7,
        7,
        null,
        1,
        1,
        null,
        1,
        1,
        null,
        1,
        2,
        1,
        null,
        1,
        2,
        2,
        null,
        1,
        1,
        1,
        null,
        1,
        1,
        1,
        null,
        1,
        1,
        1,
        null,
        null,
        null
      ],
      "/home/aljoh/Projects/Craft Academy/ATM Challenge/lib/person.rb": [
        1,
        1,
        1,
        1,
        1,
        1,
        15,
        14,
        null,
        null,
        1,
        9,
        null,
        null,
        1,
        6,
        1,
        null,
        5,
        null,
        null,
        null,
        1,
        7,
        0,
        null,
        7,
        null,
        null,
        null,
        1,
        1,
        null,
        null,
        1,
        null,
        1,
        5,
        1,
        null,
        4,
        null,
        4,
        4,
        4,
        null,
        null,
        1,
        7,
        7,
        null,
        null,
        1,
        15,
        1,
        null,
        14,
        null,
        null,
        null,
        1,
        1,
        null,
        null,
        1,
        1,
        null,
        null,
        1,
        1,
        null,
        null
      ]
    },
    "timestamp": 1509627405
  }
}
